[0.255s] Invoking command in '/root/workspace/ros2_ws/src/py_pubsub': PYTHONPATH=/root/workspace/ros2_ws/build/py_pubsub/prefix_override:/usr/lib/python3/dist-packages/colcon_core/task/python/colcon_distutils_commands:/root/workspace/ros2_ws/install/py_pubsub/lib/python3.12/site-packages:${PYTHONPATH} /usr/bin/python3 -W ignore:setup.py install is deprecated -W ignore:easy_install command is deprecated setup.py egg_info --egg-base ../../build/py_pubsub build --build-base /root/workspace/ros2_ws/build/py_pubsub/build install --record /root/workspace/ros2_ws/build/py_pubsub/install.log --single-version-externally-managed install_data
[0.329s] running egg_info
[0.333s] creating ../../build/py_pubsub/py_pubsub.egg-info
[0.333s] writing ../../build/py_pubsub/py_pubsub.egg-info/PKG-INFO
[0.334s] writing dependency_links to ../../build/py_pubsub/py_pubsub.egg-info/dependency_links.txt
[0.335s] writing entry points to ../../build/py_pubsub/py_pubsub.egg-info/entry_points.txt
[0.335s] writing requirements to ../../build/py_pubsub/py_pubsub.egg-info/requires.txt
[0.335s] writing top-level names to ../../build/py_pubsub/py_pubsub.egg-info/top_level.txt
[0.336s] writing manifest file '../../build/py_pubsub/py_pubsub.egg-info/SOURCES.txt'
[0.344s] reading manifest file '../../build/py_pubsub/py_pubsub.egg-info/SOURCES.txt'
[0.345s] adding license file 'LICENSE'
[0.345s] writing manifest file '../../build/py_pubsub/py_pubsub.egg-info/SOURCES.txt'
[0.346s] running build
[0.346s] running build_py
[0.346s] creating /root/workspace/ros2_ws/build/py_pubsub/build
[0.347s] creating /root/workspace/ros2_ws/build/py_pubsub/build/lib
[0.347s] creating /root/workspace/ros2_ws/build/py_pubsub/build/lib/py_pubsub
[0.347s] copying py_pubsub/__init__.py -> /root/workspace/ros2_ws/build/py_pubsub/build/lib/py_pubsub
[0.347s] copying py_pubsub/publisher_member_function.py -> /root/workspace/ros2_ws/build/py_pubsub/build/lib/py_pubsub
[0.348s] copying py_pubsub/subscriber_member_function.py -> /root/workspace/ros2_ws/build/py_pubsub/build/lib/py_pubsub
[0.352s] running install
[0.353s] running install_lib
[0.356s] creating /root/workspace/ros2_ws/install/py_pubsub/lib/python3.12/site-packages/py_pubsub
[0.356s] copying /root/workspace/ros2_ws/build/py_pubsub/build/lib/py_pubsub/__init__.py -> /root/workspace/ros2_ws/install/py_pubsub/lib/python3.12/site-packages/py_pubsub
[0.357s] copying /root/workspace/ros2_ws/build/py_pubsub/build/lib/py_pubsub/publisher_member_function.py -> /root/workspace/ros2_ws/install/py_pubsub/lib/python3.12/site-packages/py_pubsub
[0.358s] copying /root/workspace/ros2_ws/build/py_pubsub/build/lib/py_pubsub/subscriber_member_function.py -> /root/workspace/ros2_ws/install/py_pubsub/lib/python3.12/site-packages/py_pubsub
[0.359s] byte-compiling /root/workspace/ros2_ws/install/py_pubsub/lib/python3.12/site-packages/py_pubsub/__init__.py to __init__.cpython-312.pyc
[0.360s] byte-compiling /root/workspace/ros2_ws/install/py_pubsub/lib/python3.12/site-packages/py_pubsub/publisher_member_function.py to publisher_member_function.cpython-312.pyc
[0.361s] byte-compiling /root/workspace/ros2_ws/install/py_pubsub/lib/python3.12/site-packages/py_pubsub/subscriber_member_function.py to subscriber_member_function.cpython-312.pyc
[0.362s] running install_data
[0.362s] creating /root/workspace/ros2_ws/install/py_pubsub/share/ament_index
[0.362s] creating /root/workspace/ros2_ws/install/py_pubsub/share/ament_index/resource_index
[0.363s] creating /root/workspace/ros2_ws/install/py_pubsub/share/ament_index/resource_index/packages
[0.363s] copying resource/py_pubsub -> /root/workspace/ros2_ws/install/py_pubsub/share/ament_index/resource_index/packages
[0.363s] copying package.xml -> /root/workspace/ros2_ws/install/py_pubsub/share/py_pubsub
[0.365s] running install_egg_info
[0.369s] Copying ../../build/py_pubsub/py_pubsub.egg-info to /root/workspace/ros2_ws/install/py_pubsub/lib/python3.12/site-packages/py_pubsub-0.0.0-py3.12.egg-info
[0.374s] running install_scripts
[0.408s] Installing listener script to /root/workspace/ros2_ws/install/py_pubsub/lib/py_pubsub
[0.408s] Installing talker script to /root/workspace/ros2_ws/install/py_pubsub/lib/py_pubsub
[0.409s] writing list of installed files to '/root/workspace/ros2_ws/build/py_pubsub/install.log'
[0.422s] Invoked command in '/root/workspace/ros2_ws/src/py_pubsub' returned '0': PYTHONPATH=/root/workspace/ros2_ws/build/py_pubsub/prefix_override:/usr/lib/python3/dist-packages/colcon_core/task/python/colcon_distutils_commands:/root/workspace/ros2_ws/install/py_pubsub/lib/python3.12/site-packages:${PYTHONPATH} /usr/bin/python3 -W ignore:setup.py install is deprecated -W ignore:easy_install command is deprecated setup.py egg_info --egg-base ../../build/py_pubsub build --build-base /root/workspace/ros2_ws/build/py_pubsub/build install --record /root/workspace/ros2_ws/build/py_pubsub/install.log --single-version-externally-managed install_data
